<?xml version="1.0" encoding="UTF-8"?>
<!-- Generated by org.testng.reporters.JUnitXMLReporter -->
<testsuite ignored="0" hostname="C205" failures="2" tests="2" name="Default test(failed)" time="176.456" errors="0" timestamp="2023-01-25T10:41:06 IST">
  <testcase classname="Mavenproj.IndigoAutomation.DayYesNightYes10" name="manualclockinat01am" time="141.396">
    <failure type="org.openqa.selenium.TimeoutException" message="Expected condition failed: waiting for presence of element located by: By.xpath: //android.widget.TextView[@text=&amp;apos;Fri&amp;apos;] (tried for 30 second(s) with 500 milliseconds interval)">
      <![CDATA[org.openqa.selenium.TimeoutException: Expected condition failed: waiting for presence of element located by: By.xpath: //android.widget.TextView[@text='Fri'] (tried for 30 second(s) with 500 milliseconds interval)
at org.openqa.selenium.support.ui.WebDriverWait.timeoutException(WebDriverWait.java:95)
at org.openqa.selenium.support.ui.FluentWait.until(FluentWait.java:272)
at Mavenproj.IndigoAutomation.DayYesNightYes10.manualclockinat01am(DayYesNightYes10.java:110)
at java.base/java.util.ArrayList.forEach(ArrayList.java:1511)
Caused by: org.openqa.selenium.NoSuchElementException: An element could not be located on the page using the given search parameters.
For documentation on this error, please visit: https://www.seleniumhq.org/exceptions/no_such_element.html
Build info: version: '3.141.59', revision: 'e82be7d358', time: '2018-11-14T08:17:03'
System info: host: 'C205', ip: '192.168.56.1', os.name: 'Windows 10', os.arch: 'amd64', os.version: '10.0', java.version: '17.0.4'
Driver info: io.appium.java_client.android.AndroidDriver
Capabilities {app: C:\Users\pjay\Documents\mob..., appPackage: com.shireburn.indigo, automationName: uiautomator2, databaseEnabled: false, desired: {app: C:\Users\pjay\Documents\mob..., automationName: uiautomator2, deviceName: JayAndroid, platformName: android}, deviceApiLevel: 30, deviceManufacturer: Google, deviceModel: sdk_gphone_x86, deviceName: emulator-5554, deviceScreenDensity: 440, deviceScreenSize: 1080x2280, deviceUDID: emulator-5554, javascriptEnabled: true, locationContextEnabled: false, networkConnectionEnabled: true, pixelRatio: 2.75, platform: LINUX, platformName: Android, platformVersion: 11, statBarHeight: 135, takesScreenshot: true, viewportRect: {height: 1842, left: 0, top: 135, width: 1080}, warnings: {}, webStorageEnabled: false}
Session ID: a51d4767-42a8-451a-bad7-a6a51599f09c
*** Element info: {Using=xpath, value=//android.widget.TextView[@text='Fri']}
at org.openqa.selenium.remote.http.W3CHttpResponseCodec.createException(W3CHttpResponseCodec.java:187)
at org.openqa.selenium.remote.http.W3CHttpResponseCodec.decode(W3CHttpResponseCodec.java:122)
at org.openqa.selenium.remote.http.W3CHttpResponseCodec.decode(W3CHttpResponseCodec.java:49)
at org.openqa.selenium.remote.HttpCommandExecutor.execute(HttpCommandExecutor.java:158)
at io.appium.java_client.remote.AppiumCommandExecutor.execute(AppiumCommandExecutor.java:247)
at org.openqa.selenium.remote.RemoteWebDriver.execute(RemoteWebDriver.java:552)
at io.appium.java_client.DefaultGenericMobileDriver.execute(DefaultGenericMobileDriver.java:41)
at io.appium.java_client.AppiumDriver.execute(AppiumDriver.java:1)
at io.appium.java_client.android.AndroidDriver.execute(AndroidDriver.java:1)
at org.openqa.selenium.remote.RemoteWebDriver.findElement(RemoteWebDriver.java:323)
at io.appium.java_client.DefaultGenericMobileDriver.findElement(DefaultGenericMobileDriver.java:61)
at io.appium.java_client.AppiumDriver.findElement(AppiumDriver.java:1)
at io.appium.java_client.android.AndroidDriver.findElement(AndroidDriver.java:1)
at org.openqa.selenium.remote.RemoteWebDriver.findElementByXPath(RemoteWebDriver.java:428)
at io.appium.java_client.DefaultGenericMobileDriver.findElementByXPath(DefaultGenericMobileDriver.java:151)
at io.appium.java_client.AppiumDriver.findElementByXPath(AppiumDriver.java:1)
at io.appium.java_client.android.AndroidDriver.findElementByXPath(AndroidDriver.java:1)
at org.openqa.selenium.By$ByXPath.findElement(By.java:353)
at org.openqa.selenium.remote.RemoteWebDriver.findElement(RemoteWebDriver.java:315)
at io.appium.java_client.DefaultGenericMobileDriver.findElement(DefaultGenericMobileDriver.java:57)
at io.appium.java_client.AppiumDriver.findElement(AppiumDriver.java:1)
at io.appium.java_client.android.AndroidDriver.findElement(AndroidDriver.java:1)
at org.openqa.selenium.support.ui.ExpectedConditions$6.apply(ExpectedConditions.java:182)
at org.openqa.selenium.support.ui.ExpectedConditions$6.apply(ExpectedConditions.java:179)
at org.openqa.selenium.support.ui.FluentWait.until(FluentWait.java:249)
... 29 more
... Removed 32 stack frames]]>
    </failure>
  </testcase> <!-- manualclockinat01am -->
  <testcase classname="Mavenproj.IndigoAutomation.DayYesNightYes10" name="Addmanualclocking" time="34.939">
    <failure type="java.lang.ClassCastException" message="class io.appium.java_client.android.AndroidDriver cannot be cast to class org.openqa.selenium.mobile.NetworkConnection (io.appium.java_client.android.AndroidDriver and org.openqa.selenium.mobile.NetworkConnection are in unnamed module of loader &amp;apos;app&amp;apos;)">
      <![CDATA[java.lang.ClassCastException: class io.appium.java_client.android.AndroidDriver cannot be cast to class org.openqa.selenium.mobile.NetworkConnection (io.appium.java_client.android.AndroidDriver and org.openqa.selenium.mobile.NetworkConnection are in unnamed module of loader 'app')
at Mavenproj.IndigoAutomation.DayYesNightYes10.Addmanualclocking(DayYesNightYes10.java:175)
at java.base/java.util.ArrayList.forEach(ArrayList.java:1511)
... Removed 27 stack frames]]>
    </failure>
  </testcase> <!-- Addmanualclocking -->
</testsuite> <!-- Default test(failed) -->
